<?xml version="1.0" encoding="UTF-8"?>
<!-- Generated by org.testng.reporters.JUnitXMLReporter -->
<testsuite ignored="0" hostname="Viraj" failures="0" tests="1" name="Test" time="5.205" errors="0" timestamp="2026-04-28T09:53:42 IST">
  <testcase classname="baseLogin.BaseClass" name="@BeforeMethod setup" time="3.6">
    <failure type="java.lang.NullPointerException">
      <![CDATA[java.lang.NullPointerException
at java.base/java.util.Objects.requireNonNull(Objects.java:220)
at java.base/java.util.ImmutableCollections$Map1.<init>(ImmutableCollections.java:1351)
at java.base/java.util.Map.of(Map.java:1364)
at org.openqa.selenium.remote.DriverCommand.GET(DriverCommand.java:251)
at org.openqa.selenium.remote.RemoteWebDriver.get(RemoteWebDriver.java:372)
at baseLogin.BaseClass.setup(BaseClass.java:64)
at java.base/java.util.ArrayList.forEach(ArrayList.java:1604)
... Removed 29 stack frames]]>
    </failure>
  </testcase> <!-- @BeforeMethod setup -->
  <testcase classname="test.DisTest" name="searchMovies" time="0.004">
    <skipped/>
  </testcase> <!-- searchMovies -->
</testsuite> <!-- Test -->
