<?xml version="1.0" encoding="UTF-8"?>
<testng-results ignored="0" total="1" passed="1" failed="0" skipped="0">
  <reporter-output>
  </reporter-output>
  <suite started-at="2026-04-01T16:23:04 IST" name="Suite" finished-at="2026-04-01T16:23:10 IST" duration-ms="5942">
    <groups>
    </groups>
    <test started-at="2026-04-01T16:23:04 IST" name="Test" finished-at="2026-04-01T16:23:10 IST" duration-ms="5942">
      <class name="test.DisTest">
        <test-method is-config="true" signature="setup()[pri:0, instance:test.DisTest@ec756bd]" started-at="2026-04-01T16:23:04 IST" name="setup" finished-at="2026-04-01T16:23:08 IST" duration-ms="3578" status="PASS">
          <reporter-output>
          </reporter-output>
        </test-method> <!-- setup -->
        <test-method signature="searchMovies()[pri:0, instance:test.DisTest@ec756bd]" started-at="2026-04-01T16:23:08 IST" name="searchMovies" finished-at="2026-04-01T16:23:10 IST" duration-ms="1846" status="PASS">
          <reporter-output>
          </reporter-output>
        </test-method> <!-- searchMovies -->
        <test-method is-config="true" signature="tearDown()[pri:0, instance:test.DisTest@ec756bd]" started-at="2026-04-01T16:23:10 IST" name="tearDown" finished-at="2026-04-01T16:23:10 IST" duration-ms="462" status="PASS">
          <reporter-output>
          </reporter-output>
        </test-method> <!-- tearDown -->
      </class> <!-- test.DisTest -->
    </test> <!-- Test -->
  </suite> <!-- Suite -->
</testng-results>
